{"/workspace/eslint.config.js": {"path":"/workspace/eslint.config.js","statementMap":{"0":{"start":{"line":2,"column":25},"end":{"line":2,"column":49}},"1":{"start":{"line":3,"column":19},"end":{"line":3,"column":53}},"2":{"start":{"line":5,"column":0},"end":{"line":10,"column":3}}},"fnMap":{},"branchMap":{},"s":{"0":0,"1":0,"2":0},"f":{},"b":{}}
,"/workspace/jest.config.js": {"path":"/workspace/jest.config.js","statementMap":{"0":{"start":{"line":1,"column":0},"end":{"line":18,"column":2}}},"fnMap":{},"branchMap":{},"s":{"0":0},"f":{},"b":{}}
,"/workspace/metro.config.js": {"path":"/workspace/metro.config.js","statementMap":{"0":{"start":{"line":1,"column":29},"end":{"line":1,"column":57}},"1":{"start":{"line":2,"column":27},"end":{"line":2,"column":54}},"2":{"start":{"line":4,"column":15},"end":{"line":4,"column":42}},"3":{"start":{"line":6,"column":0},"end":{"line":6,"column":71}}},"fnMap":{},"branchMap":{},"s":{"0":0,"1":0,"2":0,"3":0},"f":{},"b":{}}
,"/workspace/nativewind-env.d.ts": {"path":"/workspace/nativewind-env.d.ts","statementMap":{},"fnMap":{},"branchMap":{},"s":{},"f":{},"b":{}}
,"/workspace/react-native-zoomable-view.d.ts": {"path":"/workspace/react-native-zoomable-view.d.ts","statementMap":{},"fnMap":{},"branchMap":{},"s":{},"f":{},"b":{}}
,"/workspace/tailwind.config.js": {"path":"/workspace/tailwind.config.js","statementMap":{"0":{"start":{"line":2,"column":0},"end":{"line":41,"column":1}}},"fnMap":{},"branchMap":{},"s":{"0":0},"f":{},"b":{}}
,"/workspace/app/_layout.tsx": {"path":"/workspace/app/_layout.tsx","statementMap":{"0":{"start":{"line":5,"column":2},"end":{"line":21,"column":4}}},"fnMap":{"0":{"name":"RootLayout","decl":{"start":{"line":4,"column":24},"end":{"line":4,"column":34}},"loc":{"start":{"line":4,"column":37},"end":{"line":22,"column":1}},"line":4}},"branchMap":{},"s":{"0":0},"f":{"0":0},"b":{}}
,"/workspace/app/index.tsx": {"path":"/workspace/app/index.tsx","statementMap":{"0":{"start":{"line":9,"column":14},"end":{"line":9,"column":36}},"1":{"start":{"line":11,"column":12},"end":{"line":24,"column":1}},"2":{"start":{"line":12,"column":4},"end":{"line":23,"column":6}}},"fnMap":{"0":{"name":"(anonymous_0)","decl":{"start":{"line":11,"column":12},"end":{"line":11,"column":13}},"loc":{"start":{"line":11,"column":18},"end":{"line":24,"column":1}},"line":11}},"branchMap":{},"s":{"0":0,"1":0,"2":0},"f":{"0":0},"b":{}}
,"/workspace/components/ViewImage.tsx": {"path":"/workspace/components/ViewImage.tsx","statementMap":{"0":{"start":{"line":30,"column":18},"end":{"line":38,"column":1}},"1":{"start":{"line":31,"column":4},"end":{"line":31,"column":34}},"2":{"start":{"line":33,"column":4},"end":{"line":37,"column":6}},"3":{"start":{"line":40,"column":15},"end":{"line":45,"column":2}}},"fnMap":{"0":{"name":"(anonymous_0)","decl":{"start":{"line":30,"column":18},"end":{"line":30,"column":19}},"loc":{"start":{"line":30,"column":49},"end":{"line":38,"column":1}},"line":30}},"branchMap":{},"s":{"0":0,"1":0,"2":0,"3":0},"f":{"0":0},"b":{}}
,"/workspace/components/eShop.tsx": {"path":"/workspace/components/eShop.tsx","statementMap":{"0":{"start":{"line":5,"column":14},"end":{"line":11,"column":1}},"1":{"start":{"line":6,"column":4},"end":{"line":10,"column":6}},"2":{"start":{"line":13,"column":15},"end":{"line":18,"column":2}}},"fnMap":{"0":{"name":"(anonymous_0)","decl":{"start":{"line":5,"column":14},"end":{"line":5,"column":15}},"loc":{"start":{"line":5,"column":20},"end":{"line":11,"column":1}},"line":5}},"branchMap":{},"s":{"0":0,"1":0,"2":0},"f":{"0":0},"b":{}}
,"/workspace/components/e-shop/ImagesList.tsx": {"path":"/workspace/components/e-shop/ImagesList.tsx","statementMap":{"0":{"start":{"line":24,"column":20},"end":{"line":24,"column":50}},"1":{"start":{"line":40,"column":23},"end":{"line":157,"column":5}},"2":{"start":{"line":41,"column":32},"end":{"line":41,"column":52}},"3":{"start":{"line":42,"column":38},"end":{"line":42,"column":49}},"4":{"start":{"line":43,"column":54},"end":{"line":43,"column":90}},"5":{"start":{"line":44,"column":27},"end":{"line":44,"column":47}},"6":{"start":{"line":45,"column":56},"end":{"line":45,"column":85}},"7":{"start":{"line":46,"column":37},"end":{"line":50,"column":9}},"8":{"start":{"line":47,"column":12},"end":{"line":47,"column":42}},"9":{"start":{"line":48,"column":12},"end":{"line":48,"column":34}},"10":{"start":{"line":49,"column":12},"end":{"line":49,"column":38}},"11":{"start":{"line":52,"column":8},"end":{"line":56,"column":15}},"12":{"start":{"line":53,"column":12},"end":{"line":55,"column":15}},"13":{"start":{"line":54,"column":16},"end":{"line":54,"column":39}},"14":{"start":{"line":59,"column":35},"end":{"line":59,"column":37}},"15":{"start":{"line":61,"column":8},"end":{"line":69,"column":9}},"16":{"start":{"line":62,"column":12},"end":{"line":64,"column":14}},"17":{"start":{"line":63,"column":16},"end":{"line":63,"column":74}},"18":{"start":{"line":65,"column":15},"end":{"line":69,"column":9}},"19":{"start":{"line":66,"column":12},"end":{"line":66,"column":60}},"20":{"start":{"line":66,"column":47},"end":{"line":66,"column":58}},"21":{"start":{"line":68,"column":12},"end":{"line":68,"column":32}},"22":{"start":{"line":74,"column":29},"end":{"line":81,"column":9}},"23":{"start":{"line":78,"column":28},"end":{"line":78,"column":61}},"24":{"start":{"line":79,"column":26},"end":{"line":79,"column":59}},"25":{"start":{"line":80,"column":12},"end":{"line":80,"column":71}},"26":{"start":{"line":80,"column":42},"end":{"line":80,"column":68}},"27":{"start":{"line":83,"column":36},"end":{"line":122,"column":9}},"28":{"start":{"line":84,"column":27},"end":{"line":84,"column":64}},"29":{"start":{"line":85,"column":33},"end":{"line":85,"column":62}},"30":{"start":{"line":86,"column":31},"end":{"line":86,"column":51}},"31":{"start":{"line":88,"column":12},"end":{"line":121,"column":14}},"32":{"start":{"line":94,"column":54},"end":{"line":94,"column":71}},"33":{"start":{"line":96,"column":45},"end":{"line":96,"column":73}},"34":{"start":{"line":98,"column":28},"end":{"line":104,"column":47}},"35":{"start":{"line":100,"column":47},"end":{"line":100,"column":95}},"36":{"start":{"line":111,"column":28},"end":{"line":117,"column":30}},"37":{"start":{"line":124,"column":8},"end":{"line":156,"column":10}},"38":{"start":{"line":131,"column":44},"end":{"line":131,"column":62}},"39":{"start":{"line":134,"column":24},"end":{"line":146,"column":31}},"40":{"start":{"line":150,"column":24},"end":{"line":150,"column":70}},"41":{"start":{"line":159,"column":15},"end":{"line":205,"column":2}}},"fnMap":{"0":{"name":"(anonymous_0)","decl":{"start":{"line":40,"column":23},"end":{"line":40,"column":24}},"loc":{"start":{"line":40,"column":29},"end":{"line":157,"column":5}},"line":40},"1":{"name":"(anonymous_1)","decl":{"start":{"line":46,"column":37},"end":{"line":46,"column":38}},"loc":{"start":{"line":46,"column":59},"end":{"line":50,"column":9}},"line":46},"2":{"name":"(anonymous_2)","decl":{"start":{"line":52,"column":18},"end":{"line":52,"column":19}},"loc":{"start":{"line":52,"column":24},"end":{"line":56,"column":9}},"line":52},"3":{"name":"(anonymous_3)","decl":{"start":{"line":53,"column":33},"end":{"line":53,"column":34}},"loc":{"start":{"line":53,"column":47},"end":{"line":55,"column":13}},"line":53},"4":{"name":"(anonymous_4)","decl":{"start":{"line":62,"column":39},"end":{"line":62,"column":40}},"loc":{"start":{"line":63,"column":16},"end":{"line":63,"column":74}},"line":63},"5":{"name":"(anonymous_5)","decl":{"start":{"line":66,"column":39},"end":{"line":66,"column":40}},"loc":{"start":{"line":66,"column":47},"end":{"line":66,"column":58}},"line":66},"6":{"name":"(anonymous_6)","decl":{"start":{"line":74,"column":29},"end":{"line":74,"column":30}},"loc":{"start":{"line":77,"column":13},"end":{"line":81,"column":9}},"line":77},"7":{"name":"(anonymous_7)","decl":{"start":{"line":80,"column":31},"end":{"line":80,"column":32}},"loc":{"start":{"line":80,"column":42},"end":{"line":80,"column":68}},"line":80},"8":{"name":"(anonymous_8)","decl":{"start":{"line":83,"column":36},"end":{"line":83,"column":37}},"loc":{"start":{"line":83,"column":52},"end":{"line":122,"column":9}},"line":83},"9":{"name":"(anonymous_9)","decl":{"start":{"line":94,"column":38},"end":{"line":94,"column":39}},"loc":{"start":{"line":94,"column":54},"end":{"line":94,"column":71}},"line":94},"10":{"name":"(anonymous_10)","decl":{"start":{"line":96,"column":34},"end":{"line":96,"column":35}},"loc":{"start":{"line":96,"column":45},"end":{"line":96,"column":73}},"line":96},"11":{"name":"(anonymous_11)","decl":{"start":{"line":97,"column":36},"end":{"line":97,"column":37}},"loc":{"start":{"line":98,"column":28},"end":{"line":104,"column":47}},"line":98},"12":{"name":"(anonymous_12)","decl":{"start":{"line":100,"column":41},"end":{"line":100,"column":42}},"loc":{"start":{"line":100,"column":47},"end":{"line":100,"column":95}},"line":100},"13":{"name":"(anonymous_13)","decl":{"start":{"line":110,"column":36},"end":{"line":110,"column":37}},"loc":{"start":{"line":111,"column":28},"end":{"line":117,"column":30}},"line":111},"14":{"name":"(anonymous_14)","decl":{"start":{"line":131,"column":34},"end":{"line":131,"column":35}},"loc":{"start":{"line":131,"column":44},"end":{"line":131,"column":62}},"line":131},"15":{"name":"(anonymous_15)","decl":{"start":{"line":133,"column":32},"end":{"line":133,"column":33}},"loc":{"start":{"line":134,"column":24},"end":{"line":146,"column":31}},"line":134},"16":{"name":"(anonymous_16)","decl":{"start":{"line":148,"column":30},"end":{"line":148,"column":31}},"loc":{"start":{"line":148,"column":41},"end":{"line":151,"column":21}},"line":148}},"branchMap":{"0":{"loc":{"start":{"line":61,"column":8},"end":{"line":69,"column":9}},"type":"if","locations":[{"start":{"line":61,"column":8},"end":{"line":69,"column":9}},{"start":{"line":65,"column":15},"end":{"line":69,"column":9}}],"line":61},"1":{"loc":{"start":{"line":61,"column":12},"end":{"line":61,"column":61}},"type":"binary-expr","locations":[{"start":{"line":61,"column":12},"end":{"line":61,"column":28}},{"start":{"line":61,"column":32},"end":{"line":61,"column":61}}],"line":61},"2":{"loc":{"start":{"line":65,"column":15},"end":{"line":69,"column":9}},"type":"if","locations":[{"start":{"line":65,"column":15},"end":{"line":69,"column":9}},{"start":{"line":67,"column":15},"end":{"line":69,"column":9}}],"line":65},"3":{"loc":{"start":{"line":85,"column":33},"end":{"line":85,"column":62}},"type":"binary-expr","locations":[{"start":{"line":85,"column":33},"end":{"line":85,"column":57}},{"start":{"line":85,"column":61},"end":{"line":85,"column":62}}],"line":85},"4":{"loc":{"start":{"line":115,"column":36},"end":{"line":115,"column":82}},"type":"cond-expr","locations":[{"start":{"line":115,"column":61},"end":{"line":115,"column":77}},{"start":{"line":115,"column":80},"end":{"line":115,"column":82}}],"line":115},"5":{"loc":{"start":{"line":138,"column":29},"end":{"line":145,"column":29}},"type":"cond-expr","locations":[{"start":{"line":139,"column":32},"end":{"line":142,"column":39}},{"start":{"line":144,"column":32},"end":{"line":144,"column":82}}],"line":138}},"s":{"0":0,"1":0,"2":0,"3":0,"4":0,"5":0,"6":0,"7":0,"8":0,"9":0,"10":0,"11":0,"12":0,"13":0,"14":0,"15":0,"16":0,"17":0,"18":0,"19":0,"20":0,"21":0,"22":0,"23":0,"24":0,"25":0,"26":0,"27":0,"28":0,"29":0,"30":0,"31":0,"32":0,"33":0,"34":0,"35":0,"36":0,"37":0,"38":0,"39":0,"40":0,"41":0},"f":{"0":0,"1":0,"2":0,"3":0,"4":0,"5":0,"6":0,"7":0,"8":0,"9":0,"10":0,"11":0,"12":0,"13":0,"14":0,"15":0,"16":0},"b":{"0":[0,0],"1":[0,0],"2":[0,0],"3":[0,0],"4":[0,0],"5":[0,0]}}
,"/workspace/components/e-shop/ZoomableImage.tsx": {"path":"/workspace/components/e-shop/ZoomableImage.tsx","statementMap":{"0":{"start":{"line":14,"column":32},"end":{"line":14,"column":56}},"1":{"start":{"line":15,"column":21},"end":{"line":15,"column":39}},"2":{"start":{"line":17,"column":22},"end":{"line":62,"column":1}},"3":{"start":{"line":18,"column":18},"end":{"line":18,"column":35}},"4":{"start":{"line":19,"column":19},"end":{"line":19,"column":36}},"5":{"start":{"line":20,"column":19},"end":{"line":20,"column":36}},"6":{"start":{"line":22,"column":25},"end":{"line":30,"column":10}},"7":{"start":{"line":24,"column":12},"end":{"line":24,"column":34}},"8":{"start":{"line":25,"column":12},"end":{"line":25,"column":36}},"9":{"start":{"line":26,"column":12},"end":{"line":26,"column":36}},"10":{"start":{"line":29,"column":12},"end":{"line":29,"column":59}},"11":{"start":{"line":32,"column":26},"end":{"line":48,"column":6}},"12":{"start":{"line":33,"column":19},"end":{"line":33,"column":50}},"13":{"start":{"line":34,"column":19},"end":{"line":34,"column":50}},"14":{"start":{"line":36,"column":8},"end":{"line":47,"column":10}},"15":{"start":{"line":50,"column":4},"end":{"line":61,"column":6}}},"fnMap":{"0":{"name":"(anonymous_0)","decl":{"start":{"line":17,"column":22},"end":{"line":17,"column":23}},"loc":{"start":{"line":17,"column":52},"end":{"line":62,"column":1}},"line":17},"1":{"name":"(anonymous_1)","decl":{"start":{"line":23,"column":18},"end":{"line":23,"column":19}},"loc":{"start":{"line":23,"column":25},"end":{"line":27,"column":9}},"line":23},"2":{"name":"(anonymous_2)","decl":{"start":{"line":28,"column":15},"end":{"line":28,"column":16}},"loc":{"start":{"line":28,"column":21},"end":{"line":30,"column":9}},"line":28},"3":{"name":"(anonymous_3)","decl":{"start":{"line":32,"column":43},"end":{"line":32,"column":44}},"loc":{"start":{"line":32,"column":49},"end":{"line":48,"column":5}},"line":32}},"branchMap":{},"s":{"0":0,"1":0,"2":0,"3":0,"4":0,"5":0,"6":0,"7":0,"8":0,"9":0,"10":0,"11":0,"12":0,"13":0,"14":0,"15":0},"f":{"0":0,"1":0,"2":0,"3":0},"b":{}}
,"/workspace/components/e-shop/header.tsx": {"path":"/workspace/components/e-shop/header.tsx","statementMap":{"0":{"start":{"line":24,"column":38},"end":{"line":131,"column":1}},"1":{"start":{"line":25,"column":28},"end":{"line":25,"column":45}},"2":{"start":{"line":28,"column":48},"end":{"line":28,"column":86}},"3":{"start":{"line":30,"column":4},"end":{"line":32,"column":18}},"4":{"start":{"line":31,"column":8},"end":{"line":31,"column":40}},"5":{"start":{"line":34,"column":27},"end":{"line":36,"column":5}},"6":{"start":{"line":35,"column":8},"end":{"line":35,"column":73}},"7":{"start":{"line":35,"column":35},"end":{"line":35,"column":70}},"8":{"start":{"line":39,"column":27},"end":{"line":39,"column":30}},"9":{"start":{"line":41,"column":26},"end":{"line":52,"column":6}},"10":{"start":{"line":42,"column":24},"end":{"line":47,"column":9}},"11":{"start":{"line":49,"column":8},"end":{"line":51,"column":10}},"12":{"start":{"line":54,"column":4},"end":{"line":130,"column":6}},"13":{"start":{"line":67,"column":39},"end":{"line":67,"column":60}},"14":{"start":{"line":78,"column":89},"end":{"line":78,"column":115}},"15":{"start":{"line":81,"column":89},"end":{"line":81,"column":116}},"16":{"start":{"line":84,"column":89},"end":{"line":84,"column":113}},"17":{"start":{"line":87,"column":89},"end":{"line":87,"column":115}},"18":{"start":{"line":90,"column":89},"end":{"line":90,"column":119}},"19":{"start":{"line":100,"column":39},"end":{"line":100,"column":62}},"20":{"start":{"line":111,"column":90},"end":{"line":111,"column":116}},"21":{"start":{"line":114,"column":89},"end":{"line":114,"column":114}},"22":{"start":{"line":117,"column":89},"end":{"line":117,"column":120}},"23":{"start":{"line":124,"column":81},"end":{"line":124,"column":107}},"24":{"start":{"line":132,"column":15},"end":{"line":195,"column":2}}},"fnMap":{"0":{"name":"(anonymous_0)","decl":{"start":{"line":24,"column":38},"end":{"line":24,"column":39}},"loc":{"start":{"line":24,"column":73},"end":{"line":131,"column":1}},"line":24},"1":{"name":"(anonymous_1)","decl":{"start":{"line":30,"column":14},"end":{"line":30,"column":15}},"loc":{"start":{"line":30,"column":20},"end":{"line":32,"column":5}},"line":30},"2":{"name":"(anonymous_2)","decl":{"start":{"line":34,"column":27},"end":{"line":34,"column":28}},"loc":{"start":{"line":34,"column":58},"end":{"line":36,"column":5}},"line":34},"3":{"name":"(anonymous_3)","decl":{"start":{"line":35,"column":26},"end":{"line":35,"column":27}},"loc":{"start":{"line":35,"column":35},"end":{"line":35,"column":70}},"line":35},"4":{"name":"(anonymous_4)","decl":{"start":{"line":41,"column":43},"end":{"line":41,"column":44}},"loc":{"start":{"line":41,"column":49},"end":{"line":52,"column":5}},"line":41},"5":{"name":"(anonymous_5)","decl":{"start":{"line":67,"column":33},"end":{"line":67,"column":34}},"loc":{"start":{"line":67,"column":39},"end":{"line":67,"column":60}},"line":67},"6":{"name":"(anonymous_6)","decl":{"start":{"line":78,"column":83},"end":{"line":78,"column":84}},"loc":{"start":{"line":78,"column":89},"end":{"line":78,"column":115}},"line":78},"7":{"name":"(anonymous_7)","decl":{"start":{"line":81,"column":83},"end":{"line":81,"column":84}},"loc":{"start":{"line":81,"column":89},"end":{"line":81,"column":116}},"line":81},"8":{"name":"(anonymous_8)","decl":{"start":{"line":84,"column":83},"end":{"line":84,"column":84}},"loc":{"start":{"line":84,"column":89},"end":{"line":84,"column":113}},"line":84},"9":{"name":"(anonymous_9)","decl":{"start":{"line":87,"column":83},"end":{"line":87,"column":84}},"loc":{"start":{"line":87,"column":89},"end":{"line":87,"column":115}},"line":87},"10":{"name":"(anonymous_10)","decl":{"start":{"line":90,"column":83},"end":{"line":90,"column":84}},"loc":{"start":{"line":90,"column":89},"end":{"line":90,"column":119}},"line":90},"11":{"name":"(anonymous_11)","decl":{"start":{"line":100,"column":33},"end":{"line":100,"column":34}},"loc":{"start":{"line":100,"column":39},"end":{"line":100,"column":62}},"line":100},"12":{"name":"(anonymous_12)","decl":{"start":{"line":111,"column":84},"end":{"line":111,"column":85}},"loc":{"start":{"line":111,"column":90},"end":{"line":111,"column":116}},"line":111},"13":{"name":"(anonymous_13)","decl":{"start":{"line":114,"column":83},"end":{"line":114,"column":84}},"loc":{"start":{"line":114,"column":89},"end":{"line":114,"column":114}},"line":114},"14":{"name":"(anonymous_14)","decl":{"start":{"line":117,"column":83},"end":{"line":117,"column":84}},"loc":{"start":{"line":117,"column":89},"end":{"line":117,"column":120}},"line":117},"15":{"name":"(anonymous_15)","decl":{"start":{"line":124,"column":75},"end":{"line":124,"column":76}},"loc":{"start":{"line":124,"column":81},"end":{"line":124,"column":107}},"line":124}},"branchMap":{"0":{"loc":{"start":{"line":35,"column":35},"end":{"line":35,"column":70}},"type":"cond-expr","locations":[{"start":{"line":35,"column":55},"end":{"line":35,"column":59}},{"start":{"line":35,"column":62},"end":{"line":35,"column":70}}],"line":35},"1":{"loc":{"start":{"line":70,"column":28},"end":{"line":70,"column":75}},"type":"binary-expr","locations":[{"start":{"line":70,"column":28},"end":{"line":70,"column":52}},{"start":{"line":70,"column":56},"end":{"line":70,"column":75}}],"line":70},"2":{"loc":{"start":{"line":76,"column":21},"end":{"line":94,"column":21}},"type":"binary-expr","locations":[{"start":{"line":76,"column":21},"end":{"line":76,"column":45}},{"start":{"line":77,"column":24},"end":{"line":93,"column":40}}],"line":76},"3":{"loc":{"start":{"line":103,"column":28},"end":{"line":103,"column":77}},"type":"binary-expr","locations":[{"start":{"line":103,"column":28},"end":{"line":103,"column":54}},{"start":{"line":103,"column":58},"end":{"line":103,"column":77}}],"line":103},"4":{"loc":{"start":{"line":109,"column":21},"end":{"line":121,"column":21}},"type":"binary-expr","locations":[{"start":{"line":109,"column":21},"end":{"line":109,"column":47}},{"start":{"line":110,"column":24},"end":{"line":120,"column":40}}],"line":109}},"s":{"0":0,"1":0,"2":0,"3":0,"4":0,"5":0,"6":0,"7":0,"8":0,"9":0,"10":0,"11":0,"12":0,"13":0,"14":0,"15":0,"16":0,"17":0,"18":0,"19":0,"20":0,"21":0,"22":0,"23":0,"24":0},"f":{"0":0,"1":0,"2":0,"3":0,"4":0,"5":0,"6":0,"7":0,"8":0,"9":0,"10":0,"11":0,"12":0,"13":0,"14":0,"15":0},"b":{"0":[0,0],"1":[0,0],"2":[0,0],"3":[0,0],"4":[0,0]}}
,"/workspace/components/viewImage/viewImage.tsx": {"path":"/workspace/components/viewImage/viewImage.tsx","statementMap":{"0":{"start":{"line":29,"column":20},"end":{"line":29,"column":50}},"1":{"start":{"line":31,"column":18},"end":{"line":110,"column":1}},"2":{"start":{"line":32,"column":21},"end":{"line":32,"column":33}},"3":{"start":{"line":33,"column":44},"end":{"line":33,"column":55}},"4":{"start":{"line":36,"column":19},"end":{"line":36,"column":56}},"5":{"start":{"line":38,"column":25},"end":{"line":42,"column":5}},"6":{"start":{"line":39,"column":24},"end":{"line":39,"column":57}},"7":{"start":{"line":40,"column":22},"end":{"line":40,"column":55}},"8":{"start":{"line":41,"column":8},"end":{"line":41,"column":31}},"9":{"start":{"line":44,"column":4},"end":{"line":109,"column":6}},"10":{"start":{"line":53,"column":46},"end":{"line":53,"column":63}},"11":{"start":{"line":63,"column":24},"end":{"line":63,"column":52}},"12":{"start":{"line":71,"column":28},"end":{"line":77,"column":30}},"13":{"start":{"line":99,"column":36},"end":{"line":101,"column":43}},"14":{"start":{"line":112,"column":15},"end":{"line":196,"column":2}}},"fnMap":{"0":{"name":"(anonymous_0)","decl":{"start":{"line":31,"column":18},"end":{"line":31,"column":19}},"loc":{"start":{"line":31,"column":49},"end":{"line":110,"column":1}},"line":31},"1":{"name":"(anonymous_1)","decl":{"start":{"line":38,"column":25},"end":{"line":38,"column":26}},"loc":{"start":{"line":38,"column":41},"end":{"line":42,"column":5}},"line":38},"2":{"name":"(anonymous_2)","decl":{"start":{"line":53,"column":30},"end":{"line":53,"column":31}},"loc":{"start":{"line":53,"column":46},"end":{"line":53,"column":63}},"line":53},"3":{"name":"(anonymous_3)","decl":{"start":{"line":56,"column":28},"end":{"line":56,"column":29}},"loc":{"start":{"line":63,"column":24},"end":{"line":63,"column":52}},"line":63},"4":{"name":"(anonymous_4)","decl":{"start":{"line":70,"column":36},"end":{"line":70,"column":37}},"loc":{"start":{"line":71,"column":28},"end":{"line":77,"column":30}},"line":71},"5":{"name":"(anonymous_5)","decl":{"start":{"line":98,"column":53},"end":{"line":98,"column":54}},"loc":{"start":{"line":99,"column":36},"end":{"line":101,"column":43}},"line":99}},"branchMap":{"0":{"loc":{"start":{"line":75,"column":36},"end":{"line":75,"column":82}},"type":"cond-expr","locations":[{"start":{"line":75,"column":61},"end":{"line":75,"column":77}},{"start":{"line":75,"column":80},"end":{"line":75,"column":82}}],"line":75},"1":{"loc":{"start":{"line":84,"column":21},"end":{"line":91,"column":21}},"type":"cond-expr","locations":[{"start":{"line":85,"column":24},"end":{"line":88,"column":31}},{"start":{"line":90,"column":24},"end":{"line":90,"column":75}}],"line":84},"2":{"loc":{"start":{"line":94,"column":21},"end":{"line":105,"column":21}},"type":"binary-expr","locations":[{"start":{"line":94,"column":21},"end":{"line":94,"column":36}},{"start":{"line":94,"column":40},"end":{"line":94,"column":66}},{"start":{"line":95,"column":24},"end":{"line":104,"column":31}}],"line":94}},"s":{"0":0,"1":0,"2":0,"3":0,"4":0,"5":0,"6":0,"7":0,"8":0,"9":0,"10":0,"11":0,"12":0,"13":0,"14":0},"f":{"0":0,"1":0,"2":0,"3":0,"4":0,"5":0},"b":{"0":[0,0],"1":[0,0],"2":[0,0,0]}}
,"/workspace/library/constants.ts": {"path":"/workspace/library/constants.ts","statementMap":{"0":{"start":{"line":1,"column":24},"end":{"line":1,"column":61}},"1":{"start":{"line":2,"column":21},"end":{"line":2,"column":55}},"2":{"start":{"line":3,"column":20},"end":{"line":3,"column":58}},"3":{"start":{"line":5,"column":29},"end":{"line":5,"column":71}},"4":{"start":{"line":6,"column":26},"end":{"line":6,"column":65}},"5":{"start":{"line":7,"column":25},"end":{"line":7,"column":68}}},"fnMap":{},"branchMap":{},"s":{"0":0,"1":0,"2":0,"3":0,"4":0,"5":0},"f":{},"b":{}}
,"/workspace/styles/global.tsx": {"path":"/workspace/styles/global.tsx","statementMap":{"0":{"start":{"line":6,"column":22},"end":{"line":13,"column":1}},"1":{"start":{"line":16,"column":23},"end":{"line":22,"column":1}},"2":{"start":{"line":25,"column":26},"end":{"line":37,"column":1}},"3":{"start":{"line":40,"column":28},"end":{"line":56,"column":2}}},"fnMap":{},"branchMap":{},"s":{"0":0,"1":0,"2":0,"3":0},"f":{},"b":{}}
}
